{"level":"info","message":"Server running on port 3000","service":"kaspi-integration-backend","timestamp":"2025-03-06 10:01:22"}
{"level":"info","message":"Server running on port 3000","service":"ecotrend-backend","timestamp":"2025-03-06 10:01:36"}
{"level":"info","message":"Server running on port 3000","service":"ecotrend-backend","timestamp":"2025-03-06 12:01:46"}
{"level":"info","message":"Server running on port 3000","service":"ecotrend-backend","timestamp":"2025-03-06 12:01:58"}
{"level":"info","message":"Server running on port 3000","service":"ecotrend-backend","timestamp":"2025-03-06 12:02:29"}
{"level":"info","message":"Server running on port 3000","service":"ecotrend-backend","timestamp":"2025-03-06 12:02:42"}
{"level":"info","message":"Server running on port 3000","service":"ecotrend-backend","timestamp":"2025-03-06 12:22:20"}
{"level":"info","message":"Server running on port 3000","service":"ecotrend-backend","timestamp":"2025-03-06 12:22:23"}
{"level":"info","message":"Server running on port 3000","service":"ecotrend-backend","timestamp":"2025-03-08 13:02:55"}
{"level":"info","message":"Server running on port 3000","service":"ecotrend-backend","timestamp":"2025-03-08 13:17:30"}
{"level":"info","message":"Server running on port 3000","service":"ecotrend-backend","timestamp":"2025-03-08 13:23:46"}
{"level":"info","message":"Server running on port 3000","service":"ecotrend-backend","timestamp":"2025-03-08 13:23:50"}
{"level":"info","message":"Server running on port 3000","service":"ecotrend-backend","timestamp":"2025-03-08 13:23:54"}
{"level":"info","message":"Server running on port 3000","service":"ecotrend-backend","timestamp":"2025-03-08 13:23:56"}
{"level":"info","message":"Server running on port 3000","service":"ecotrend-backend","timestamp":"2025-03-08 13:24:04"}
{"level":"info","message":"Server running on port 3000","service":"ecotrend-backend","timestamp":"2025-03-08 13:24:30"}
{"level":"info","message":"Server running on port 3000","service":"ecotrend-backend","timestamp":"2025-03-08 13:24:34"}
{"level":"info","message":"Server running on port 3000","service":"ecotrend-backend","timestamp":"2025-03-08 13:25:23"}
{"level":"info","message":"Server running on port 3000","service":"ecotrend-backend","timestamp":"2025-03-08 13:25:24"}
{"level":"info","message":"Server running on port 3000","service":"ecotrend-backend","timestamp":"2025-03-08 13:25:29"}
{"level":"info","message":"Server running on port 3000","service":"ecotrend-backend","timestamp":"2025-03-08 13:34:19"}
{"level":"info","message":"Server running on port 3000","service":"ecotrend-backend","timestamp":"2025-03-08 13:34:25"}
{"level":"info","message":"Server running on port 3000","service":"ecotrend-backend","timestamp":"2025-03-08 13:34:29"}
{"level":"info","message":"Server running on port 3000","service":"ecotrend-backend","timestamp":"2025-03-08 13:34:51"}
{"level":"info","message":"Request from IP: ::1","service":"ecotrend-backend","timestamp":"2025-03-08 13:35:15"}
{"level":"info","message":"Check payment request: {\"txn_id\":\"12345678\",\"account\":\"DEVICE-001\",\"sum\":\"500.00\"}","service":"ecotrend-backend","timestamp":"2025-03-08 13:35:15"}
{"level":"info","message":"::1 - - [08/Mar/2025:08:35:16 +0000] \"GET /api/kaspi/check?txn_id=12345678&account=DEVICE-001&sum=500.00 HTTP/1.1\" 200 88 \"-\" \"PostmanRuntime/7.43.0\"","service":"ecotrend-backend","timestamp":"2025-03-08 13:35:16"}
{"level":"info","message":"Request from IP: ::1","service":"ecotrend-backend","timestamp":"2025-03-08 13:35:36"}
{"level":"info","message":"Check payment request: {\"txn_id\":\"12345678\",\"account\":\"DEVICE-001\",\"sum\":\"500.00\"}","service":"ecotrend-backend","timestamp":"2025-03-08 13:35:36"}
{"level":"info","message":"::1 - - [08/Mar/2025:08:35:36 +0000] \"GET /api/kaspi/check?txn_id=12345678&account=DEVICE-001&sum=500.00 HTTP/1.1\" 200 88 \"-\" \"PostmanRuntime/7.43.0\"","service":"ecotrend-backend","timestamp":"2025-03-08 13:35:36"}
{"level":"info","message":"::1 - - [08/Mar/2025:08:35:59 +0000] \"GET /api/kaspi/status HTTP/1.1\" 200 118 \"-\" \"PostmanRuntime/7.43.0\"","service":"ecotrend-backend","timestamp":"2025-03-08 13:35:59"}
{"level":"info","message":"Request from IP: ::1","service":"ecotrend-backend","timestamp":"2025-03-08 13:36:19"}
{"level":"info","message":"Check payment request: {\"command\":\"check\",\"txn_id\":\"12345682\",\"account\":\"DEVICE-001\",\"sum\":\"500.00\"}","service":"ecotrend-backend","timestamp":"2025-03-08 13:36:19"}
{"level":"info","message":"::1 - - [08/Mar/2025:08:36:19 +0000] \"GET /api/kaspi/payment?command=check&txn_id=12345682&account=DEVICE-001&sum=500.00 HTTP/1.1\" 200 88 \"-\" \"PostmanRuntime/7.43.0\"","service":"ecotrend-backend","timestamp":"2025-03-08 13:36:19"}
{"level":"info","message":"Request from IP: ::1","service":"ecotrend-backend","timestamp":"2025-03-08 13:38:00"}
{"level":"info","message":"Process payment request: {\"txn_id\":\"TEST004\",\"txn_date\":\"20250308120000\",\"account\":\"DEVICE-002\",\"sum\":\"750.00\"}","service":"ecotrend-backend","timestamp":"2025-03-08 13:38:00"}
{"level":"error","message":"Error creating transaction: Cannot add or update a child row: a foreign key constraint fails (`ecotrend`.`transactions`, CONSTRAINT `transactions_ibfk_1` FOREIGN KEY (`device_id`) REFERENCES `devices` (`device_id`) ON DELETE CASCADE)","service":"ecotrend-backend","timestamp":"2025-03-08 13:38:00"}
{"level":"error","message":"Error in processPayment: Cannot add or update a child row: a foreign key constraint fails (`ecotrend`.`transactions`, CONSTRAINT `transactions_ibfk_1` FOREIGN KEY (`device_id`) REFERENCES `devices` (`device_id`) ON DELETE CASCADE)","service":"ecotrend-backend","timestamp":"2025-03-08 13:38:00"}
{"level":"info","message":"::1 - - [08/Mar/2025:08:38:00 +0000] \"GET /api/kaspi/pay?txn_id=TEST004&txn_date=20250308120000&account=DEVICE-002&sum=750.00 HTTP/1.1\" 200 101 \"-\" \"PostmanRuntime/7.43.0\"","service":"ecotrend-backend","timestamp":"2025-03-08 13:38:00"}
{"level":"info","message":"Request from IP: ::1","service":"ecotrend-backend","timestamp":"2025-03-08 13:38:18"}
{"level":"info","message":"Check payment request: {\"txn_id\":\"TEST005\",\"account\":\"DEVICE-FAKE\",\"sum\":\"500.00\"}","service":"ecotrend-backend","timestamp":"2025-03-08 13:38:18"}
{"level":"info","message":"::1 - - [08/Mar/2025:08:38:18 +0000] \"GET /api/kaspi/check?txn_id=TEST005&account=DEVICE-FAKE&sum=500.00 HTTP/1.1\" 200 81 \"-\" \"PostmanRuntime/7.43.0\"","service":"ecotrend-backend","timestamp":"2025-03-08 13:38:18"}
{"level":"info","message":"Request from IP: ::1","service":"ecotrend-backend","timestamp":"2025-03-08 13:38:58"}
{"level":"info","message":"Check payment request: {\"txn_id\":\"TEST006\",\"account\":\"DEVICE-INACTIVE\",\"sum\":\"500.00\"}","service":"ecotrend-backend","timestamp":"2025-03-08 13:38:58"}
{"level":"info","message":"::1 - - [08/Mar/2025:08:38:58 +0000] \"GET /api/kaspi/check?txn_id=TEST006&account=DEVICE-INACTIVE&sum=500.00 HTTP/1.1\" 200 85 \"-\" \"PostmanRuntime/7.43.0\"","service":"ecotrend-backend","timestamp":"2025-03-08 13:38:58"}
{"level":"info","message":"Request from IP: ::1","service":"ecotrend-backend","timestamp":"2025-03-08 13:39:10"}
{"level":"info","message":"Process payment request: {\"txn_id\":\"TEST007\",\"txn_date\":\"20250308120000\",\"account\":\"DEVICE-INACTIVE\",\"sum\":\"500.00\"}","service":"ecotrend-backend","timestamp":"2025-03-08 13:39:10"}
{"level":"error","message":"Error creating transaction: Cannot add or update a child row: a foreign key constraint fails (`ecotrend`.`transactions`, CONSTRAINT `transactions_ibfk_1` FOREIGN KEY (`device_id`) REFERENCES `devices` (`device_id`) ON DELETE CASCADE)","service":"ecotrend-backend","timestamp":"2025-03-08 13:39:10"}
{"level":"error","message":"Error in processPayment: Cannot add or update a child row: a foreign key constraint fails (`ecotrend`.`transactions`, CONSTRAINT `transactions_ibfk_1` FOREIGN KEY (`device_id`) REFERENCES `devices` (`device_id`) ON DELETE CASCADE)","service":"ecotrend-backend","timestamp":"2025-03-08 13:39:10"}
{"level":"info","message":"::1 - - [08/Mar/2025:08:39:10 +0000] \"GET /api/kaspi/pay?txn_id=TEST007&txn_date=20250308120000&account=DEVICE-INACTIVE&sum=500.00 HTTP/1.1\" 200 101 \"-\" \"PostmanRuntime/7.43.0\"","service":"ecotrend-backend","timestamp":"2025-03-08 13:39:10"}
{"level":"info","message":"Request from IP: ::1","service":"ecotrend-backend","timestamp":"2025-03-08 13:39:21"}
{"level":"info","message":"Process payment request: {\"txn_id\":\"TEST008\",\"txn_date\":\"20250308120000\",\"account\":\"DEVICE-001\",\"sum\":\"600.00\"}","service":"ecotrend-backend","timestamp":"2025-03-08 13:39:21"}
{"level":"error","message":"Error creating transaction: Cannot add or update a child row: a foreign key constraint fails (`ecotrend`.`transactions`, CONSTRAINT `transactions_ibfk_1` FOREIGN KEY (`device_id`) REFERENCES `devices` (`device_id`) ON DELETE CASCADE)","service":"ecotrend-backend","timestamp":"2025-03-08 13:39:21"}
{"level":"error","message":"Error in processPayment: Cannot add or update a child row: a foreign key constraint fails (`ecotrend`.`transactions`, CONSTRAINT `transactions_ibfk_1` FOREIGN KEY (`device_id`) REFERENCES `devices` (`device_id`) ON DELETE CASCADE)","service":"ecotrend-backend","timestamp":"2025-03-08 13:39:21"}
{"level":"info","message":"::1 - - [08/Mar/2025:08:39:21 +0000] \"GET /api/kaspi/pay?txn_id=TEST008&txn_date=20250308120000&account=DEVICE-001&sum=600.00 HTTP/1.1\" 200 101 \"-\" \"PostmanRuntime/7.43.0\"","service":"ecotrend-backend","timestamp":"2025-03-08 13:39:21"}
{"level":"info","message":"Request from IP: ::1","service":"ecotrend-backend","timestamp":"2025-03-08 13:39:40"}
{"level":"info","message":"Process payment request: {\"txn_id\":\"TEST008\",\"txn_date\":\"20250308120000\",\"account\":\"DEVICE-001\",\"sum\":\"600.00\"}","service":"ecotrend-backend","timestamp":"2025-03-08 13:39:40"}
{"level":"error","message":"Error creating transaction: Cannot add or update a child row: a foreign key constraint fails (`ecotrend`.`transactions`, CONSTRAINT `transactions_ibfk_1` FOREIGN KEY (`device_id`) REFERENCES `devices` (`device_id`) ON DELETE CASCADE)","service":"ecotrend-backend","timestamp":"2025-03-08 13:39:40"}
{"level":"error","message":"Error in processPayment: Cannot add or update a child row: a foreign key constraint fails (`ecotrend`.`transactions`, CONSTRAINT `transactions_ibfk_1` FOREIGN KEY (`device_id`) REFERENCES `devices` (`device_id`) ON DELETE CASCADE)","service":"ecotrend-backend","timestamp":"2025-03-08 13:39:40"}
{"level":"info","message":"::1 - - [08/Mar/2025:08:39:40 +0000] \"GET /api/kaspi/pay?txn_id=TEST008&txn_date=20250308120000&account=DEVICE-001&sum=600.00 HTTP/1.1\" 200 101 \"-\" \"PostmanRuntime/7.43.0\"","service":"ecotrend-backend","timestamp":"2025-03-08 13:39:40"}
{"level":"info","message":"Request from IP: ::1","service":"ecotrend-backend","timestamp":"2025-03-08 13:39:51"}
{"level":"info","message":"Check payment request: {\"command\":\"check\",\"txn_id\":\"TEST010\",\"account\":\"DEVICE-001\",\"sum\":\"500.00\"}","service":"ecotrend-backend","timestamp":"2025-03-08 13:39:51"}
{"level":"info","message":"::1 - - [08/Mar/2025:08:39:51 +0000] \"GET /api/kaspi/payment?command=check&txn_id=TEST010&account=DEVICE-001&sum=500.00 HTTP/1.1\" 200 87 \"-\" \"PostmanRuntime/7.43.0\"","service":"ecotrend-backend","timestamp":"2025-03-08 13:39:51"}
{"level":"info","message":"Request from IP: ::1","service":"ecotrend-backend","timestamp":"2025-03-08 13:40:00"}
{"level":"info","message":"Process payment request: {\"command\":\"pay\",\"txn_id\":\"TEST011\",\"txn_date\":\"20250308120000\",\"account\":\"DEVICE-001\",\"sum\":\"500.00\"}","service":"ecotrend-backend","timestamp":"2025-03-08 13:40:00"}
{"level":"error","message":"Error creating transaction: Cannot add or update a child row: a foreign key constraint fails (`ecotrend`.`transactions`, CONSTRAINT `transactions_ibfk_1` FOREIGN KEY (`device_id`) REFERENCES `devices` (`device_id`) ON DELETE CASCADE)","service":"ecotrend-backend","timestamp":"2025-03-08 13:40:01"}
{"level":"error","message":"Error in processPayment: Cannot add or update a child row: a foreign key constraint fails (`ecotrend`.`transactions`, CONSTRAINT `transactions_ibfk_1` FOREIGN KEY (`device_id`) REFERENCES `devices` (`device_id`) ON DELETE CASCADE)","service":"ecotrend-backend","timestamp":"2025-03-08 13:40:01"}
{"level":"info","message":"::1 - - [08/Mar/2025:08:40:01 +0000] \"GET /api/kaspi/payment?command=pay&txn_id=TEST011&txn_date=20250308120000&account=DEVICE-001&sum=500.00 HTTP/1.1\" 200 101 \"-\" \"PostmanRuntime/7.43.0\"","service":"ecotrend-backend","timestamp":"2025-03-08 13:40:01"}
{"level":"info","message":"Request from IP: ::1","service":"ecotrend-backend","timestamp":"2025-03-08 13:53:57"}
{"level":"info","message":"Check payment request: {\"account\":\"DEVICE-001\",\"sum\":\"500.00\",\"command\":\"check\",\"txn_id\":\"1234567\"}","service":"ecotrend-backend","timestamp":"2025-03-08 13:53:57"}
{"level":"info","message":"::1 - - [08/Mar/2025:08:53:57 +0000] \"GET /api/kaspi/payment?account=DEVICE-001&sum=500.00&command=check&txn_id=1234567 HTTP/1.1\" 200 87 \"-\" \"PostmanRuntime/7.43.0\"","service":"ecotrend-backend","timestamp":"2025-03-08 13:53:57"}
{"level":"info","message":"Request from IP: ::1","service":"ecotrend-backend","timestamp":"2025-03-08 13:54:15"}
{"level":"info","message":"Process payment request: {\"command\":\"pay\",\"txn_id\":\"7654321\",\"txn_date\":\"20250308120000\",\"account\":\"DEVICE-001\",\"sum\":\"500.00\"}","service":"ecotrend-backend","timestamp":"2025-03-08 13:54:15"}
{"level":"error","message":"Error creating transaction: Cannot add or update a child row: a foreign key constraint fails (`ecotrend`.`transactions`, CONSTRAINT `transactions_ibfk_1` FOREIGN KEY (`device_id`) REFERENCES `devices` (`device_id`) ON DELETE CASCADE)","service":"ecotrend-backend","timestamp":"2025-03-08 13:54:15"}
{"level":"error","message":"Error in processPayment: Cannot add or update a child row: a foreign key constraint fails (`ecotrend`.`transactions`, CONSTRAINT `transactions_ibfk_1` FOREIGN KEY (`device_id`) REFERENCES `devices` (`device_id`) ON DELETE CASCADE)","service":"ecotrend-backend","timestamp":"2025-03-08 13:54:15"}
{"level":"info","message":"::1 - - [08/Mar/2025:08:54:15 +0000] \"GET /api/kaspi/payment?command=pay&txn_id=7654321&txn_date=20250308120000&account=DEVICE-001&sum=500.00 HTTP/1.1\" 200 101 \"-\" \"PostmanRuntime/7.43.0\"","service":"ecotrend-backend","timestamp":"2025-03-08 13:54:15"}
{"level":"info","message":"Request from IP: ::1","service":"ecotrend-backend","timestamp":"2025-03-08 13:55:08"}
{"level":"info","message":"Check payment request: {\"account\":\"DEVICE-001\",\"sum\":\"500.00\",\"command\":\"check\",\"txn_id\":\"1234567\"}","service":"ecotrend-backend","timestamp":"2025-03-08 13:55:08"}
{"level":"info","message":"::1 - - [08/Mar/2025:08:55:08 +0000] \"GET /api/kaspi/payment?account=DEVICE-001&sum=500.00&command=check&txn_id=1234567 HTTP/1.1\" 200 87 \"-\" \"PostmanRuntime/7.43.0\"","service":"ecotrend-backend","timestamp":"2025-03-08 13:55:08"}
{"level":"info","message":"Server running on port 3000","service":"ecotrend-backend","timestamp":"2025-03-08 13:56:44"}
{"level":"info","message":"Server running on port 3000","service":"ecotrend-backend","timestamp":"2025-03-08 13:56:46"}
{"level":"info","message":"Server running on port 3000","service":"ecotrend-backend","timestamp":"2025-03-08 13:57:03"}
{"level":"info","message":"Server running on port 3000","service":"ecotrend-backend","timestamp":"2025-03-08 13:58:04"}
{"level":"info","message":"Server running on port 3000","service":"ecotrend-backend","timestamp":"2025-03-08 13:59:13"}
{"level":"info","message":"Server running on port 3000","service":"ecotrend-backend","timestamp":"2025-03-08 13:59:42"}
{"level":"info","message":"Server running on port 3000","service":"ecotrend-backend","timestamp":"2025-03-08 13:59:45"}
{"level":"info","message":"Check payment request: {\"account\":\"DEVICE-001\",\"sum\":\"500.00\",\"command\":\"check\",\"txn_id\":\"1234567\"}","service":"ecotrend-backend","timestamp":"2025-03-08 13:59:58"}
{"level":"info","message":"::1 - - [08/Mar/2025:08:59:59 +0000] \"GET /api/kaspi/payment?account=DEVICE-001&sum=500.00&command=check&txn_id=1234567 HTTP/1.1\" 200 87 \"-\" \"PostmanRuntime/7.43.0\"","service":"ecotrend-backend","timestamp":"2025-03-08 13:59:59"}
{"level":"info","message":"Server running on port 3000","service":"ecotrend-backend","timestamp":"2025-03-08 14:00:34"}
{"level":"info","message":"Server running on port 3000","service":"ecotrend-backend","timestamp":"2025-03-08 14:00:41"}
{"level":"info","message":"Server running on port 3000","service":"ecotrend-backend","timestamp":"2025-03-08 14:00:57"}
{"level":"info","message":"Check payment request: {\"account\":\"DEVICE-001\",\"sum\":\"500.00\",\"command\":\"check\",\"txn_id\":\"1234567\"}","service":"ecotrend-backend","timestamp":"2025-03-08 14:02:34"}
{"level":"info","message":"::1 - - [08/Mar/2025:09:02:35 +0000] \"GET /api/kaspi/payment?account=DEVICE-001&sum=500.00&command=check&txn_id=1234567 HTTP/1.1\" 200 87 \"-\" \"PostmanRuntime/7.43.0\"","service":"ecotrend-backend","timestamp":"2025-03-08 14:02:35"}
{"level":"info","message":"Server running on port 3000","service":"ecotrend-backend","timestamp":"2025-03-08 14:04:02"}
{"level":"info","message":"Server running on port 3000","service":"ecotrend-backend","timestamp":"2025-03-08 14:04:03"}
{"level":"info","message":"Check payment request: {\"account\":\"DEVICE-001\",\"sum\":\"500.00\",\"command\":\"check\",\"txn_id\":\"1234567\"}","service":"ecotrend-backend","timestamp":"2025-03-08 14:05:04"}
{"level":"info","message":"::1 - - [08/Mar/2025:09:05:04 +0000] \"GET /api/kaspi/payment?account=DEVICE-001&sum=500.00&command=check&txn_id=1234567 HTTP/1.1\" 200 209 \"-\" \"PostmanRuntime/7.43.0\"","service":"ecotrend-backend","timestamp":"2025-03-08 14:05:04"}
{"level":"info","message":"Process payment request: {\"command\":\"pay\",\"txn_id\":\"7654321\",\"txn_date\":\"20250308120000\",\"account\":\"DEVICE-001\",\"sum\":\"500.00\"}","service":"ecotrend-backend","timestamp":"2025-03-08 14:05:55"}
{"level":"error","message":"Error creating transaction: Cannot add or update a child row: a foreign key constraint fails (`ecotrend`.`transactions`, CONSTRAINT `transactions_ibfk_1` FOREIGN KEY (`device_id`) REFERENCES `devices` (`device_id`) ON DELETE CASCADE)","service":"ecotrend-backend","timestamp":"2025-03-08 14:05:55"}
{"level":"error","message":"Error in processPayment: Cannot add or update a child row: a foreign key constraint fails (`ecotrend`.`transactions`, CONSTRAINT `transactions_ibfk_1` FOREIGN KEY (`device_id`) REFERENCES `devices` (`device_id`) ON DELETE CASCADE)","service":"ecotrend-backend","timestamp":"2025-03-08 14:05:55"}
{"level":"info","message":"::1 - - [08/Mar/2025:09:05:55 +0000] \"GET /api/kaspi/payment?command=pay&txn_id=7654321&txn_date=20250308120000&account=DEVICE-001&sum=500.00 HTTP/1.1\" 200 101 \"-\" \"PostmanRuntime/7.43.0\"","service":"ecotrend-backend","timestamp":"2025-03-08 14:05:55"}
{"level":"error","message":"Firebase initialization error: The \"id\" argument must be of type string. Received undefined","service":"ecotrend-backend","timestamp":"2025-03-16 18:56:37"}
{"level":"warn","message":"Firebase initialization failed: The \"id\" argument must be of type string. Received undefined","service":"ecotrend-backend","timestamp":"2025-03-16 18:56:37"}
{"level":"info","message":"Server is running on port 5000","service":"ecotrend-backend","timestamp":"2025-03-16 18:56:37"}
